#-----------------------------------------------------------
# Vivado v2019.1 (64-bit)
# SW Build 2552052 on Fri May 24 14:49:42 MDT 2019
# IP Build 2548770 on Fri May 24 18:01:18 MDT 2019
# Start of session at: Thu Jun  4 10:37:36 2020
# Process ID: 24644
# Current directory: C:/Users/77060/Desktop/COD-exp/multicycle
# Command line: vivado.exe -gui_launcher_event rodinguilauncherevent25856 C:\Users\77060\Desktop\COD-exp\multicycle\multicycle.xpr
# Log file: C:/Users/77060/Desktop/COD-exp/multicycle/vivado.log
# Journal file: C:/Users/77060/Desktop/COD-exp/multicycle\vivado.jou
#-----------------------------------------------------------
start_gui
open_project C:/Users/77060/Desktop/COD-exp/multicycle/multicycle.xpr
INFO: [Project 1-313] Project file moved from 'C:/Users/77060/Desktop/COD-exp/lab4/multicycle' since last save.
Scanning sources...
Finished scanning sources
INFO: [IP_Flow 19-234] Refreshing IP repositories
INFO: [IP_Flow 19-1704] No user IP repositories specified
INFO: [IP_Flow 19-2313] Loaded Vivado IP repository 'D:/Xilinx/Vivado/2019.1/data/ip'.
open_project: Time (s): cpu = 00:00:16 ; elapsed = 00:00:06 . Memory (MB): peak = 742.941 ; gain = 66.324
update_compile_order -fileset sources_1
add_files {C:/Users/77060/Desktop/COD-exp/multicycle/multicycle.srcs/sources_1/new/seven_segment.v C:/Users/77060/Desktop/COD-exp/multicycle/multicycle.srcs/sources_1/new/MUX4to1.v C:/Users/77060/Desktop/COD-exp/multicycle/multicycle.srcs/sources_1/new/ALU_Control.v C:/Users/77060/Desktop/COD-exp/multicycle/multicycle.srcs/sources_1/new/Register.v C:/Users/77060/Desktop/COD-exp/multicycle/multicycle.srcs/sources_1/new/register_file.v C:/Users/77060/Desktop/COD-exp/multicycle/multicycle.srcs/sources_1/new/cpu.v C:/Users/77060/Desktop/COD-exp/multicycle/multicycle.srcs/sources_1/new/dbu_top.v C:/Users/77060/Desktop/COD-exp/multicycle/multicycle.srcs/sources_1/new/Debug_Unit.v C:/Users/77060/Desktop/COD-exp/multicycle/multicycle.srcs/sources_1/new/pc.v C:/Users/77060/Desktop/COD-exp/multicycle/multicycle.srcs/sources_1/new/Instr_Reg.v C:/Users/77060/Desktop/COD-exp/multicycle/multicycle.srcs/sources_1/new/jitter_clr.v C:/Users/77060/Desktop/COD-exp/multicycle/multicycle.srcs/sources_1/new/signal_edge.v C:/Users/77060/Desktop/COD-exp/multicycle/multicycle.srcs/sources_1/new/MUX2to1.v C:/Users/77060/Desktop/COD-exp/multicycle/multicycle.srcs/sources_1/new/ALU.v C:/Users/77060/Desktop/COD-exp/multicycle/multicycle.srcs/sources_1/new/refresh.v C:/Users/77060/Desktop/COD-exp/multicycle/multicycle.srcs/sources_1/new/Control_Unit.v}
WARNING: [filemgmt 56-12] File 'C:/Users/77060/Desktop/COD-exp/multicycle/multicycle.srcs/sources_1/new/MUX4to1.v' cannot be added to the project because it already exists in the project, skipping this file
WARNING: [filemgmt 56-12] File 'C:/Users/77060/Desktop/COD-exp/multicycle/multicycle.srcs/sources_1/new/ALU_Control.v' cannot be added to the project because it already exists in the project, skipping this file
WARNING: [filemgmt 56-12] File 'C:/Users/77060/Desktop/COD-exp/multicycle/multicycle.srcs/sources_1/new/Register.v' cannot be added to the project because it already exists in the project, skipping this file
WARNING: [filemgmt 56-12] File 'C:/Users/77060/Desktop/COD-exp/multicycle/multicycle.srcs/sources_1/new/register_file.v' cannot be added to the project because it already exists in the project, skipping this file
WARNING: [filemgmt 56-12] File 'C:/Users/77060/Desktop/COD-exp/multicycle/multicycle.srcs/sources_1/new/cpu.v' cannot be added to the project because it already exists in the project, skipping this file
WARNING: [filemgmt 56-12] File 'C:/Users/77060/Desktop/COD-exp/multicycle/multicycle.srcs/sources_1/new/pc.v' cannot be added to the project because it already exists in the project, skipping this file
WARNING: [filemgmt 56-12] File 'C:/Users/77060/Desktop/COD-exp/multicycle/multicycle.srcs/sources_1/new/Instr_Reg.v' cannot be added to the project because it already exists in the project, skipping this file
WARNING: [filemgmt 56-12] File 'C:/Users/77060/Desktop/COD-exp/multicycle/multicycle.srcs/sources_1/new/MUX2to1.v' cannot be added to the project because it already exists in the project, skipping this file
WARNING: [filemgmt 56-12] File 'C:/Users/77060/Desktop/COD-exp/multicycle/multicycle.srcs/sources_1/new/ALU.v' cannot be added to the project because it already exists in the project, skipping this file
WARNING: [filemgmt 56-12] File 'C:/Users/77060/Desktop/COD-exp/multicycle/multicycle.srcs/sources_1/new/Control_Unit.v' cannot be added to the project because it already exists in the project, skipping this file
update_compile_order -fileset sources_1
update_compile_order -fileset sources_1
update_compile_order -fileset sources_1
exit
INFO: [Common 17-206] Exiting Vivado at Thu Jun  4 10:51:46 2020...
