#-----------------------------------------------------------
# Vivado v2019.1 (64-bit)
# SW Build 2552052 on Fri May 24 14:49:42 MDT 2019
# IP Build 2548770 on Fri May 24 18:01:18 MDT 2019
# Start of session at: Thu Jun  4 10:52:32 2020
# Process ID: 1216
# Current directory: C:/Users/77060/Desktop/COD-exp/multicycle
# Command line: vivado.exe -gui_launcher_event rodinguilauncherevent25776 C:\Users\77060\Desktop\COD-exp\multicycle\multicycle.xpr
# Log file: C:/Users/77060/Desktop/COD-exp/multicycle/vivado.log
# Journal file: C:/Users/77060/Desktop/COD-exp/multicycle\vivado.jou
#-----------------------------------------------------------
start_gui
open_project C:/Users/77060/Desktop/COD-exp/multicycle/multicycle.xpr
Scanning sources...
Finished scanning sources
INFO: [IP_Flow 19-234] Refreshing IP repositories
INFO: [IP_Flow 19-1704] No user IP repositories specified
INFO: [IP_Flow 19-2313] Loaded Vivado IP repository 'D:/Xilinx/Vivado/2019.1/data/ip'.
open_project: Time (s): cpu = 00:00:16 ; elapsed = 00:00:05 . Memory (MB): peak = 801.477 ; gain = 124.648
update_compile_order -fileset sources_1
exit
INFO: [Common 17-206] Exiting Vivado at Thu Jun  4 11:12:10 2020...
