#-----------------------------------------------------------
# Vivado v2019.1 (64-bit)
# SW Build 2552052 on Fri May 24 14:49:42 MDT 2019
# IP Build 2548770 on Fri May 24 18:01:18 MDT 2019
# Start of session at: Mon Apr 27 22:39:37 2020
# Process ID: 19028
# Current directory: C:/Users/77060/Desktop/COD-exp/lab1_ALU_SORT
# Command line: vivado.exe -gui_launcher_event rodinguilauncherevent18824 C:\Users\77060\Desktop\COD-exp\lab1_ALU_SORT\lab1_ALU_SORT.xpr
# Log file: C:/Users/77060/Desktop/COD-exp/lab1_ALU_SORT/vivado.log
# Journal file: C:/Users/77060/Desktop/COD-exp/lab1_ALU_SORT\vivado.jou
#-----------------------------------------------------------
start_gui
open_project C:/Users/77060/Desktop/COD-exp/lab1_ALU_SORT/lab1_ALU_SORT.xpr
Scanning sources...
Finished scanning sources
INFO: [IP_Flow 19-234] Refreshing IP repositories
INFO: [IP_Flow 19-1704] No user IP repositories specified
INFO: [IP_Flow 19-2313] Loaded Vivado IP repository 'D:/Xilinx/Vivado/2019.1/data/ip'.
open_project: Time (s): cpu = 00:00:18 ; elapsed = 00:00:06 . Memory (MB): peak = 749.277 ; gain = 49.313
update_compile_order -fileset sources_1
launch_simulation
INFO: [Vivado 12-5682] Launching behavioral simulation in 'C:/Users/77060/Desktop/COD-exp/lab1_ALU_SORT/lab1_ALU_SORT.sim/sim_1/behav/xsim'
INFO: [SIM-utils-51] Simulation object is 'sim_1'
INFO: [SIM-utils-54] Inspecting design source files for 'tb_sort' in fileset 'sim_1'...
INFO: [USF-XSim-97] Finding global include files...
INFO: [USF-XSim-98] Fetching design files from 'sim_1'...
INFO: [USF-XSim-2] XSim::Compile design
INFO: [USF-XSim-61] Executing 'COMPILE and ANALYZE' step in 'C:/Users/77060/Desktop/COD-exp/lab1_ALU_SORT/lab1_ALU_SORT.sim/sim_1/behav/xsim'
"xvlog --incr --relax -prj tb_sort_vlog.prj"
INFO: [VRFC 10-2263] Analyzing Verilog file "C:/Users/77060/Desktop/COD-exp/lab1_ALU_SORT/lab1_ALU_SORT.srcs/sources_1/new/ALU.v" into library xil_defaultlib
INFO: [VRFC 10-311] analyzing module alu
INFO: [VRFC 10-2263] Analyzing Verilog file "C:/Users/77060/Desktop/COD-exp/lab1_ALU_SORT/lab1_ALU_SORT.srcs/sources_1/new/MUX2to1.v" into library xil_defaultlib
INFO: [VRFC 10-311] analyzing module MUX2to1
INFO: [VRFC 10-2263] Analyzing Verilog file "C:/Users/77060/Desktop/COD-exp/lab1_ALU_SORT/lab1_ALU_SORT.srcs/sources_1/new/MUX3to1.v" into library xil_defaultlib
INFO: [VRFC 10-311] analyzing module MUX3to1
INFO: [VRFC 10-2263] Analyzing Verilog file "C:/Users/77060/Desktop/COD-exp/lab1_ALU_SORT/lab1_ALU_SORT.srcs/sources_1/new/Register.v" into library xil_defaultlib
INFO: [VRFC 10-311] analyzing module Register
INFO: [VRFC 10-2263] Analyzing Verilog file "C:/Users/77060/Desktop/COD-exp/lab1_ALU_SORT/lab1_ALU_SORT.srcs/sources_1/new/sort.v" into library xil_defaultlib
INFO: [VRFC 10-311] analyzing module sort
INFO: [VRFC 10-2263] Analyzing Verilog file "C:/Users/77060/Desktop/COD-exp/lab1_ALU_SORT/lab1_ALU_SORT.srcs/sim_1/new/tb_sort.v" into library xil_defaultlib
INFO: [VRFC 10-311] analyzing module tb_sort
INFO: [USF-XSim-69] 'compile' step finished in '1' seconds
INFO: [USF-XSim-3] XSim::Elaborate design
INFO: [USF-XSim-61] Executing 'ELABORATE' step in 'C:/Users/77060/Desktop/COD-exp/lab1_ALU_SORT/lab1_ALU_SORT.sim/sim_1/behav/xsim'
"xelab -wto 3be4366d5bc94af9ab32a9ad540e5616 --incr --debug typical --relax --mt 2 -L xil_defaultlib -L unisims_ver -L unimacro_ver -L secureip --snapshot tb_sort_behav xil_defaultlib.tb_sort xil_defaultlib.glbl -log elaborate.log"
Vivado Simulator 2019.1
Copyright 1986-1999, 2001-2019 Xilinx, Inc. All Rights Reserved.
Running: D:/Xilinx/Vivado/2019.1/bin/unwrapped/win64.o/xelab.exe -wto 3be4366d5bc94af9ab32a9ad540e5616 --incr --debug typical --relax --mt 2 -L xil_defaultlib -L unisims_ver -L unimacro_ver -L secureip --snapshot tb_sort_behav xil_defaultlib.tb_sort xil_defaultlib.glbl -log elaborate.log 
Using 2 slave threads.
Starting static elaboration
Completed static elaboration
Starting simulation data flow analysis
Completed simulation data flow analysis
Time Resolution for simulation is 1ps
Compiling module xil_defaultlib.Register(N=4)
Compiling module xil_defaultlib.MUX2to1(N=4)
Compiling module xil_defaultlib.MUX3to1(N=4)
Compiling module xil_defaultlib.alu(WIDTH=4)
Compiling module xil_defaultlib.sort
Compiling module xil_defaultlib.tb_sort
Compiling module xil_defaultlib.glbl
Built simulation snapshot tb_sort_behav
INFO: [USF-XSim-69] 'elaborate' step finished in '1' seconds
INFO: [USF-XSim-4] XSim::Simulate design
INFO: [USF-XSim-61] Executing 'SIMULATE' step in 'C:/Users/77060/Desktop/COD-exp/lab1_ALU_SORT/lab1_ALU_SORT.sim/sim_1/behav/xsim'
INFO: [USF-XSim-98] *** Running xsim
   with args "tb_sort_behav -key {Behavioral:sim_1:Functional:tb_sort} -tclbatch {tb_sort.tcl} -log {simulate.log}"
INFO: [USF-XSim-8] Loading simulator feature
Vivado Simulator 2019.1
Time resolution is 1 ps
source tb_sort.tcl
# set curr_wave [current_wave_config]
# if { [string length $curr_wave] == 0 } {
#   if { [llength [get_objects]] > 0} {
#     add_wave /
#     set_property needs_save false [current_wave_config]
#   } else {
#      send_msg_id Add_Wave-1 WARNING "No top level signals found. Simulator will start without a wave window. If you want to open a wave window go to 'File->New Waveform Configuration' or type 'create_wave_config' in the TCL console."
#   }
# }
# run 1000ns
$finish called at time : 270 ns : File "C:/Users/77060/Desktop/COD-exp/lab1_ALU_SORT/lab1_ALU_SORT.srcs/sim_1/new/tb_sort.v" Line 95
xsim: Time (s): cpu = 00:00:08 ; elapsed = 00:00:05 . Memory (MB): peak = 799.684 ; gain = 11.660
INFO: [USF-XSim-96] XSim completed. Design snapshot 'tb_sort_behav' loaded.
INFO: [USF-XSim-97] XSim simulation ran for 1000ns
launch_simulation: Time (s): cpu = 00:00:09 ; elapsed = 00:00:08 . Memory (MB): peak = 799.684 ; gain = 24.434
close_sim
INFO: [Simtcl 6-16] Simulation closed
exit
INFO: [Common 17-206] Exiting Vivado at Mon Apr 27 22:48:32 2020...
