Vivado Simulator 2019.1
Copyright 1986-1999, 2001-2019 Xilinx, Inc. All Rights Reserved.
Running: D:/Xilinx/Vivado/2019.1/bin/unwrapped/win64.o/xelab.exe -wto 19d9c8b51e0646f6bee07294d84b92bc --incr --debug typical --relax --mt 2 -L blk_mem_gen_v8_4_3 -L xil_defaultlib -L unisims_ver -L unimacro_ver -L secureip -L xpm --snapshot tb_fifo_behav xil_defaultlib.tb_fifo xil_defaultlib.glbl -log elaborate.log 
Using 2 slave threads.
Starting static elaboration
Completed static elaboration
Starting simulation data flow analysis
Completed simulation data flow analysis
Time Resolution for simulation is 1ps
Compiling module xil_defaultlib.signal_edge
Compiling module xil_defaultlib.pt_read
Compiling module xil_defaultlib.pt_write
Compiling module xil_defaultlib.MUX2to1
Compiling module xil_defaultlib.flag_FSM
Compiling module blk_mem_gen_v8_4_3.blk_mem_gen_v8_4_3_output_stage(...
Compiling module blk_mem_gen_v8_4_3.blk_mem_gen_v8_4_3_output_stage(...
Compiling module blk_mem_gen_v8_4_3.blk_mem_gen_v8_4_3_softecc_outpu...
Compiling module blk_mem_gen_v8_4_3.blk_mem_gen_v8_4_3_mem_module(C_...
Compiling module blk_mem_gen_v8_4_3.blk_mem_gen_v8_4_3(C_FAMILY="art...
Compiling module xil_defaultlib.blk_mem
Compiling module xil_defaultlib.fifo
Compiling module xil_defaultlib.tb_fifo
Compiling module xil_defaultlib.glbl
Built simulation snapshot tb_fifo_behav
